<?xml version="1.0" encoding="UTF-8"?>
<!-- Generated by org.testng.reporters.JUnitReportReporter -->
<testsuite hostname="DESKTOP-HDINPCM" failures="0" tests="6" name="com.tutorialsninja.qa.testcases.Login" time="32.566" errors="0" timestamp="2023-02-23T21:28:52 CST" skipped="1">
  <testcase classname="com.tutorialsninja.qa.testcases.Login" name="verifyLoginWithValidCredentials" time="7.096"/>
  <system-out/>
  <testcase classname="com.tutorialsninja.qa.testcases.Login" name="verifyLoginWithInvalidEmail" time="5.056"/>
  <system-out/>
  <testcase classname="com.tutorialsninja.qa.testcases.Login" name="verifyLoginWithValidCredentials" time="7.271"/>
  <system-out/>
  <testcase classname="com.tutorialsninja.qa.testcases.Login" name="verifyLoginWithNoEmail" time="8.243"/>
  <system-out/>
  <testcase classname="com.tutorialsninja.qa.testcases.Login" name="verifyLoginWithValidCredentials" time="4.900"/>
  <system-out/>
  <testcase classname="com.tutorialsninja.qa.testcases.Login" name="verifyLoginWithNoPassword">
    <skipped/>
  </testcase> <!-- verifyLoginWithNoPassword -->
  <system-out/>
</testsuite> <!-- com.tutorialsninja.qa.testcases.Login -->
