<?xml version="1.0" encoding="UTF-8"?>
<!-- Generated by org.testng.reporters.JUnitReportReporter -->
<testsuite hostname="DESKTOP-HDINPCM" failures="0" tests="2" name="com.tutorialsninja.qa.testcases.Register" time="14.592" errors="0" timestamp="2023-02-23T21:28:52 CST" skipped="0">
  <testcase classname="com.tutorialsninja.qa.testcases.Register" name="verifyRegisterWithMandatoryFields" time="8.553"/>
  <system-out/>
  <testcase classname="com.tutorialsninja.qa.testcases.Register" name="verifyRegisterWithDifferentPasswords" time="6.039"/>
  <system-out/>
</testsuite> <!-- com.tutorialsninja.qa.testcases.Register -->
